app/build/outputs/mapping/release/seeds.txt
com.rpn.blockblaster.R$style
com.rpn.blockblaster.feature.game.GameViewModel$startGame$2$1
com.rpn.blockblaster.feature.home.HomeUiEvent$NavigateGame
com.rpn.blockblaster.feature.game.components.BlockTrayKt$TraySlot$4$1$1
com.rpn.blockblaster.domain.usecase.game.SpawnBlocksUseCase
com.rpn.blockblaster.feature.home.HomeScreenKt
com.rpn.blockblaster.feature.game.GameUiEvent$VibrateLight
com.rpn.blockblaster.feature.home.HomeScreenKt$HomeScreen$1$1$1
com.rpn.blockblaster.feature.settings.ComposableSingletons$SettingsScreenKt
com.rpn.blockblaster.core.navigation.Route$Home
com.rpn.blockblaster.domain.model.GamePhase$Playing
com.rpn.blockblaster.domain.model.GamePhase
com.rpn.blockblaster.feature.settings.SettingsIntent$ClearBestScore
com.rpn.blockblaster.feature.game.components.ReviveDialogKt
com.rpn.blockblaster.domain.model.GameModelsKt
com.rpn.blockblaster.feature.gameover.GameOverUiEvent$NavigateGame
com.rpn.blockblaster.core.navigation.Route
com.rpn.blockblaster.feature.game.GameIntent$SetTrayLayout
com.rpn.blockblaster.feature.game.GameUiEvent$VibrateHeavy
com.rpn.blockblaster.domain.model.ScorePopup
com.rpn.blockblaster.data.local.db.AppDatabase_Impl$createOpenDelegate$_openDelegate$1
com.rpn.blockblaster.feature.gameover.GameOverScreenKt
com.rpn.blockblaster.feature.game.GameIntent
com.rpn.blockblaster.domain.model.Milestone
com.rpn.blockblaster.core.common.ExtensionsKt$catchAndIgnore$1
com.rpn.blockblaster.feature.game.GameIntent$UpdateDragCell
com.rpn.blockblaster.R$raw
com.rpn.blockblaster.core.play.PlayGamesManager$Companion
com.rpn.blockblaster.feature.gameover.GameOverScreenKt$FallingBlocksBackground$BgBlock
com.rpn.blockblaster.service.AdManager$loadReviveAd$1
com.rpn.blockblaster.feature.game.GameIntent$SetBoardLayout
com.rpn.blockblaster.core.common.ExtensionsKt
com.rpn.blockblaster.feature.settings.SettingsUiEvent$NavigateBack
com.rpn.blockblaster.core.play.PlayGamesProfile
com.rpn.blockblaster.domain.usecase.settings.GetSettingsUseCase
com.rpn.blockblaster.feature.home.HomeIntent
com.rpn.blockblaster.feature.game.GameIntent$DismissPopup
com.rpn.blockblaster.data.local.db.entity.ScoreEntity
com.rpn.blockblaster.feature.home.components.AppTitleKt
com.rpn.blockblaster.feature.game.GameUiEvent$ReplayGame
com.rpn.blockblaster.feature.home.HomeScreenKt$MiniBoardPreview$1$1
com.rpn.blockblaster.core.play.PlayGamesManager
com.rpn.blockblaster.feature.game.GameIntent$AcceptRevive
com.rpn.blockblaster.data.repository.ScoreRepositoryImpl$getBestScore$1
com.rpn.blockblaster.domain.engine.BoundingBox
com.rpn.blockblaster.feature.gameover.GameOverUiEvent
com.rpn.blockblaster.feature.game.GameIntent$PauseReviveTimer
com.rpn.blockblaster.R$string
com.rpn.blockblaster.R$color
com.rpn.blockblaster.feature.home.HomeViewModel$onIntent$1
com.rpn.blockblaster.BlockBlasterApp
com.rpn.blockblaster.feature.gameover.GameOverIntent$GoHome
com.rpn.blockblaster.core.navigation.Route$GameOver
com.rpn.blockblaster.feature.game.GameViewModel
com.rpn.blockblaster.data.local.db.ScoreDao_Impl
com.rpn.blockblaster.feature.home.components.TitleParticle
com.rpn.blockblaster.feature.game.components.PauseOverlayKt
com.rpn.blockblaster.domain.usecase.game.CheckGameOverUseCase
com.rpn.blockblaster.feature.gameover.GameOverScreenKt$GameOverScreen$2$1$1
com.rpn.blockblaster.feature.game.GameScreenKt$ScorePopupToast$4$1$3$1
com.rpn.blockblaster.data.repository.ScoreRepositoryImpl$getTopScores$1
com.rpn.blockblaster.data.local.db.AppDatabase_Impl
com.rpn.blockblaster.feature.game.ComposableSingletons$GameScreenKt
com.rpn.blockblaster.feature.gameover.GameOverViewModel$init$2
com.rpn.blockblaster.feature.game.GameScreenKt
com.rpn.blockblaster.domain.engine.SpawnEntry
com.rpn.blockblaster.feature.game.GameIntent$NavigateHome
com.rpn.blockblaster.feature.gameover.GameOverUiEvent$Share
com.rpn.blockblaster.data.local.datastore.SettingsDataStore$Companion
com.rpn.blockblaster.feature.game.components.ComposableSingletons$ReviveDialogKt
...
com.google.android.gms.internal.ads.zzbhj$zzk: int zzm
com.google.android.gms.internal.ads.zzayf: long zzak
com.google.android.gms.internal.ads.zziiv: com.google.android.gms.internal.ads.zziiv zze
com.google.android.gms.internal.ads.zzbdr: int zza
com.google.android.gms.internal.ads.zzikb: byte zzQ
kotlinx.coroutines.scheduling.CoroutineScheduler: long parkedWorkersStack$volatile
com.google.android.gms.internal.measurement.zzgr: java.lang.String zzf
com.google.android.gms.internal.ads.zzaxp: int zzc
com.google.android.gms.internal.ads.zzawh: java.lang.String zzd
com.google.android.gms.internal.measurement.zzjj: android.os.Parcelable$Creator CREATOR
androidx.room.RoomMasterTable: java.lang.String TABLE_NAME
com.google.android.gms.internal.measurement.zznm: com.google.android.gms.internal.measurement.zznm zzg
com.google.android.gms.internal.measurement.zzjh: android.os.Parcelable$Creator CREATOR
com.google.android.gms.internal.ads.zzijm: com.google.android.gms.internal.ads.zzied zzj
androidx.room.coroutines.Pool: kotlin.jvm.functions.Function0 connectionFactory
com.google.android.gms.internal.ads.zzgad: long zzg
com.google.android.gms.internal.ads.zzbhj$zzac: int zzc
com.google.android.gms.internal.measurement.zzhw: double zzi
com.google.android.gms.internal.ads.zzawh: int zza
com.google.android.gms.internal.measurement.zzfl: com.google.android.gms.internal.measurement.zzafj zzk
com.google.android.gms.internal.ads.zzhso: com.google.android.gms.internal.ads.zzifk zzd
androidx.concurrent.futures.AbstractResolvableFuture$Waiter: java.lang.Thread thread
com.google.android.gms.internal.ads.zzayf: long zzaL
com.google.android.gms.internal.measurement.zzhs: com.google.android.gms.internal.measurement.zzhs zzm
com.google.android.gms.internal.measurement.zzgv: int zzh
com.google.android.gms.internal.ads.zzbhj$zzah: int zzx
com.google.android.gms.internal.ads.zzihh: com.google.android.gms.internal.ads.zzifk zzd
com.google.android.gms.internal.ads.zzikb: boolean zzp
androidx.activity.ComponentActivity: boolean dispatchingOnPictureInPictureModeChanged
com.google.android.gms.internal.ads.zzbhj$zzan: com.google.android.gms.internal.ads.zzbhj$zzan zzh
com.google.android.gms.measurement.AppMeasurement$ConditionalUserProperty: java.lang.String mTriggerEventName
androidx.room.RoomDatabaseKt__RoomDatabase_androidKt$startTransactionCoroutine$2$1: kotlinx.coroutines.CancellableContinuation $continuation
com.google.android.gms.internal.ads.zzgdi: int zza
androidx.room.Room: java.lang.String LOG_TAG
com.google.android.gms.internal.measurement.zzha: com.google.android.gms.internal.measurement.zzaew zzn
com.google.android.gms.internal.ads.zzhrb: com.google.android.gms.internal.ads.zzhrb zzc
androidx.room.coroutines.ConnectionPoolImpl$useConnection$2: kotlin.jvm.functions.Function2 $block
com.google.android.gms.internal.measurement.zzni: com.google.android.gms.internal.measurement.zzacr zze
com.google.android.gms.internal.ads.zzayf: java.lang.String zzaP
com.google.android.gms.internal.ads.zzfqc: com.google.android.gms.internal.ads.zzfqc zzd
com.google.android.gms.internal.ads.zzbhj$zzba: int zzd
com.google.android.gms.internal.ads.zzaxr: long zzb
com.google.android.gms.internal.ads.zziiw: com.google.android.gms.internal.ads.zzifk zzf
androidx.room.ObserverWrapper: java.util.Set singleTableSet
androidx.room.ColumnInfo$Companion: int BINARY
androidx.room.DatabaseConfiguration: boolean requireMigration
androidx.room.RoomDatabaseKt__RoomDatabaseKt$useReaderConnection$1: java.lang.Object L$1
androidx.room.coroutines.RunBlockingUninterruptible_androidKt$runBlockingUninterruptible$1: kotlin.jvm.functions.Function2 $block
com.google.android.gms.internal.measurement.zzhw: int zzb
com.google.android.gms.internal.ads.zzihv: boolean zzp
androidx.datastore.preferences.PreferencesProto$Value: int BOOLEAN_FIELD_NUMBER
androidx.room.MultiInstanceInvalidationService$binder$1: androidx.room.MultiInstanceInvalidationService this$0